<?xml version="1.0" encoding="UTF-8"?>
<!-- Generated by org.testng.reporters.JUnitReportReporter -->
<testsuite hostname="Akash" failures="0" tests="4" name="com.Demo.Priority" time="46.849" errors="0" timestamp="2022-03-20T11:24:26 IST" skipped="0">
  <testcase classname="com.Demo.Priority" name="test1" time="10.109"/>
  <system-out/>
  <testcase classname="com.Demo.Priority" name="enterName" time="12.266"/>
  <system-out/>
  <testcase classname="com.Demo.Priority" name="test2" time="13.538"/>
  <system-out/>
  <testcase classname="com.Demo.Priority" name="getTitle" time="10.936"/>
  <system-out/>
</testsuite> <!-- com.Demo.Priority -->
