<?xml version="1.0" encoding="UTF-8"?>
<!-- Generated by org.testng.reporters.JUnitReportReporter -->
<testsuite hostname="Akash" failures="0" tests="1" name="com.Demo.ParameterTest" time="17.917" errors="0" timestamp="2022-03-20T15:40:26 IST" skipped="0">
  <testcase classname="com.Demo.ParameterTest" name="parameterTest" time="17.917"/>
  <system-out/>
</testsuite> <!-- com.Demo.ParameterTest -->
