<?xml version="1.0" encoding="UTF-8"?>
<!-- Generated by org.testng.reporters.JUnitReportReporter -->
<testsuite hostname="Akash" failures="0" tests="11" name="com.Demo.DataProviderDemo" time="0.055" errors="0" timestamp="2022-03-21T13:05:36 IST" skipped="0">
  <testcase classname="com.Demo.DataProviderDemo" name="test1" time="0.011"/>
  <system-out/>
  <testcase classname="com.Demo.DataProviderDemo" name="test2" time="0.003"/>
  <system-out/>
  <testcase classname="com.Demo.DataProviderDemo" name="test3" time="0.001"/>
  <system-out/>
  <testcase classname="com.Demo.DataProviderDemo" name="test1" time="0.003"/>
  <system-out/>
  <testcase classname="com.Demo.DataProviderDemo" name="test3" time="0.002"/>
  <system-out/>
  <testcase classname="com.Demo.DataProviderDemo" name="test4" time="0.001"/>
  <system-out/>
  <testcase classname="com.Demo.DataProviderDemo" name="test4" time="0.018"/>
  <system-out/>
  <testcase classname="com.Demo.DataProviderDemo" name="test1" time="0.006"/>
  <system-out/>
  <testcase classname="com.Demo.DataProviderDemo" name="test2" time="0.004"/>
  <system-out/>
  <testcase classname="com.Demo.DataProviderDemo" name="test2" time="0.004"/>
  <system-out/>
  <testcase classname="com.Demo.DataProviderDemo" name="test3" time="0.002"/>
  <system-out/>
</testsuite> <!-- com.Demo.DataProviderDemo -->
