<?xml version="1.0" encoding="UTF-8"?>
<!-- Generated by org.testng.reporters.JUnitReportReporter -->
<testsuite hostname="Akash" failures="0" tests="4" name="com.Demo.DependsOnMethodsDemo" time="0.016" errors="0" timestamp="2022-03-25T12:33:19 IST" skipped="0">
  <testcase classname="com.Demo.DependsOnMethodsDemo" name="selectCountry" time="0.005"/>
  <system-out/>
  <testcase classname="com.Demo.DependsOnMethodsDemo" name="registratioPage" time="0.005"/>
  <system-out/>
  <testcase classname="com.Demo.DependsOnMethodsDemo" name="homePage" time="0.002"/>
  <system-out/>
  <testcase classname="com.Demo.DependsOnMethodsDemo" name="login" time="0.004"/>
  <system-out/>
</testsuite> <!-- com.Demo.DependsOnMethodsDemo -->
