<?xml version="1.0" encoding="UTF-8"?>
<!-- Generated by org.testng.reporters.JUnitReportReporter -->
<testsuite hostname="Akash" failures="0" tests="2" name="com.Demo.BasicDemo" time="0.471" errors="0" timestamp="2022-03-19T23:15:22 IST" skipped="0">
  <testcase classname="com.Demo.BasicDemo" name="getTitle" time="0.048"/>
  <system-out/>
  <testcase classname="com.Demo.BasicDemo" name="enterName" time="0.423"/>
  <system-out/>
</testsuite> <!-- com.Demo.BasicDemo -->
