<?xml version="1.0" encoding="UTF-8"?>
<!-- Generated by org.testng.reporters.JUnitReportReporter -->
<testsuite hostname="Akash" failures="0" tests="3" name="com.Demo.EnabledDemo" time="0.017" errors="0" timestamp="2022-03-21T13:12:45 IST" skipped="1">
  <testcase classname="com.Demo.EnabledDemo" name="test3" time="0.003"/>
  <system-out/>
  <testcase classname="com.Demo.EnabledDemo" name="test1" time="0.014"/>
  <system-out/>
  <testcase classname="com.Demo.EnabledDemo" name="test2">
    <skipped/>
  </testcase> <!-- test2 -->
  <system-out/>
</testsuite> <!-- com.Demo.EnabledDemo -->
