<?xml version="1.0" encoding="UTF-8"?>
<!-- Generated by org.testng.reporters.JUnitReportReporter -->
<testsuite hostname="Akash" failures="0" tests="3" name="com.Demo.ParallelDemo" time="90.478" errors="0" timestamp="2022-03-26T14:57:23 IST" skipped="0">
  <testcase classname="com.Demo.ParallelDemo" name="test4" time="17.784"/>
  <system-out/>
  <testcase classname="com.Demo.ParallelDemo" name="test1" time="36.347"/>
  <system-out/>
  <testcase classname="com.Demo.ParallelDemo" name="test2" time="36.347"/>
  <system-out/>
</testsuite> <!-- com.Demo.ParallelDemo -->
