<?xml version="1.0" encoding="UTF-8"?>
<!-- Generated by org.testng.reporters.JUnitReportReporter -->
<testsuite hostname="Akash" failures="0" tests="10" name="com.Demo.PriorityDemo" time="170.812" errors="0" timestamp="2022-03-20T14:28:15 IST" skipped="0">
  <testcase classname="com.Demo.PriorityDemo" name="test3" time="14.196"/>
  <system-out/>
  <testcase classname="com.Demo.PriorityDemo" name="Abc" time="17.334"/>
  <system-out/>
  <testcase classname="com.Demo.PriorityDemo" name="ABC" time="14.674"/>
  <system-out/>
  <testcase classname="com.Demo.PriorityDemo" name="abc" time="16.910"/>
  <system-out/>
  <testcase classname="com.Demo.PriorityDemo" name="Test4" time="18.723"/>
  <system-out/>
  <testcase classname="com.Demo.PriorityDemo" name="Test1" time="15.359"/>
  <system-out/>
  <testcase classname="com.Demo.PriorityDemo" name="test1" time="11.558"/>
  <system-out/>
  <testcase classname="com.Demo.PriorityDemo" name="enterName" time="20.909"/>
  <system-out/>
  <testcase classname="com.Demo.PriorityDemo" name="test2" time="14.490"/>
  <system-out/>
  <testcase classname="com.Demo.PriorityDemo" name="getTitle" time="26.659"/>
  <system-out/>
</testsuite> <!-- com.Demo.PriorityDemo -->
