<?xml version="1.0" encoding="UTF-8"?>
<!-- Generated by org.testng.reporters.JUnitReportReporter -->
<testsuite hostname="Akash" failures="0" tests="9" name="com.Demo.DataProviderDemo" time="0.033" errors="0" timestamp="2022-03-20T18:52:50 IST" skipped="0">
  <testcase classname="com.Demo.DataProviderDemo" name="test1" time="0.003"/>
  <system-out/>
  <testcase classname="com.Demo.DataProviderDemo" name="test3" time="0.001"/>
  <system-out/>
  <testcase classname="com.Demo.DataProviderDemo" name="test2" time="0.002"/>
  <system-out/>
  <testcase classname="com.Demo.DataProviderDemo" name="test1" time="0.011"/>
  <system-out/>
  <testcase classname="com.Demo.DataProviderDemo" name="test3" time="0.002"/>
  <system-out/>
  <testcase classname="com.Demo.DataProviderDemo" name="test1" time="0.003"/>
  <system-out/>
  <testcase classname="com.Demo.DataProviderDemo" name="test2" time="0.006"/>
  <system-out/>
  <testcase classname="com.Demo.DataProviderDemo" name="test2" time="0.003"/>
  <system-out/>
  <testcase classname="com.Demo.DataProviderDemo" name="test3" time="0.002"/>
  <system-out/>
</testsuite> <!-- com.Demo.DataProviderDemo -->
