<?xml version="1.0" encoding="UTF-8"?>
<!-- Generated by org.testng.reporters.JUnitReportReporter -->
<testsuite hostname="Akash" failures="0" tests="6" name="com.Demo.GroupsDemo" time="0.009" errors="0" timestamp="2022-03-25T12:38:23 IST" skipped="0">
  <testcase classname="com.Demo.GroupsDemo" name="test3" time="0.001"/>
  <system-out/>
  <testcase classname="com.Demo.GroupsDemo" name="abc" time="0.003"/>
  <system-out/>
  <testcase classname="com.Demo.GroupsDemo" name="test1" time="0.001"/>
  <system-out/>
  <testcase classname="com.Demo.GroupsDemo" name="enterName" time="0.002"/>
  <system-out/>
  <testcase classname="com.Demo.GroupsDemo" name="homePage" time="0.001"/>
  <system-out/>
  <testcase classname="com.Demo.GroupsDemo" name="test2" time="0.001"/>
  <system-out/>
</testsuite> <!-- com.Demo.GroupsDemo -->
