<?xml version="1.0" encoding="UTF-8"?>
<!-- Generated by org.testng.reporters.JUnitReportReporter -->
<testsuite hostname="Akash" failures="0" tests="2" name="com.test.TestNgBasics" time="0.013" errors="0" timestamp="2022-03-19T21:52:13 IST" skipped="0">
  <testcase classname="com.test.TestNgBasics" name="title" time="0.004"/>
  <system-out/>
  <testcase classname="com.test.TestNgBasics" name="searchText" time="0.009"/>
  <system-out/>
</testsuite> <!-- com.test.TestNgBasics -->
