<?xml version="1.0" encoding="UTF-8"?>
<!-- Generated by org.testng.reporters.JUnitReportReporter -->
<testsuite hostname="Akash" failures="0" tests="10" name="com.Demo.InvocationCountDemo" time="0.023" errors="0" timestamp="2022-03-20T13:26:46 IST" skipped="0">
  <testcase classname="com.Demo.InvocationCountDemo" name="test1" time="0.001"/>
  <system-out/>
  <testcase classname="com.Demo.InvocationCountDemo" name="test1" time="0.001"/>
  <system-out/>
  <testcase classname="com.Demo.InvocationCountDemo" name="test1" time="0.002"/>
  <system-out/>
  <testcase classname="com.Demo.InvocationCountDemo" name="test1" time="0.001"/>
  <system-out/>
  <testcase classname="com.Demo.InvocationCountDemo" name="test1" time="0.001"/>
  <system-out/>
  <testcase classname="com.Demo.InvocationCountDemo" name="test1" time="0.001"/>
  <system-out/>
  <testcase classname="com.Demo.InvocationCountDemo" name="test1" time="0.001"/>
  <system-out/>
  <testcase classname="com.Demo.InvocationCountDemo" name="test1" time="0.012"/>
  <system-out/>
  <testcase classname="com.Demo.InvocationCountDemo" name="test1" time="0.001"/>
  <system-out/>
  <testcase classname="com.Demo.InvocationCountDemo" name="test1" time="0.002"/>
  <system-out/>
</testsuite> <!-- com.Demo.InvocationCountDemo -->
